DEB [20171119-13:12:18.865] thr=1   paramiko.transport: starting thread (client mode): 0x4508278
DEB [20171119-13:12:18.865] thr=1   paramiko.transport: Local version/idstring: SSH-2.0-paramiko_2.2.1
DEB [20171119-13:12:18.869] thr=1   paramiko.transport: Remote version/idstring: SSH-2.0-OpenSSH_6.6.1
INF [20171119-13:12:18.869] thr=1   paramiko.transport: Connected (version 2.0, client OpenSSH_6.6.1)
DEB [20171119-13:12:18.870] thr=1   paramiko.transport: kex algos:['curve25519-sha256@libssh.org', 'ecdh-sha2-nistp256', 'ecdh-sha2-nistp384', 'ecdh-sha2-nistp521', 'diffie-hellman-group-exchange-sha256', 'diffie-hellman-group-exchange-sha1', 'diffie-hellman-group14-sha1', 'diffie-hellman-group1-sha1'] server key:['ssh-rsa', 'ecdsa-sha2-nistp256', 'ssh-ed25519'] client encrypt:['aes128-ctr', 'aes192-ctr', 'aes256-ctr', 'arcfour256', 'arcfour128', 'aes128-gcm@openssh.com', 'aes256-gcm@openssh.com', 'chacha20-poly1305@openssh.com', 'aes128-cbc', '3des-cbc', 'blowfish-cbc', 'cast128-cbc', 'aes192-cbc', 'aes256-cbc', 'arcfour', 'rijndael-cbc@lysator.liu.se'] server encrypt:['aes128-ctr', 'aes192-ctr', 'aes256-ctr', 'arcfour256', 'arcfour128', 'aes128-gcm@openssh.com', 'aes256-gcm@openssh.com', 'chacha20-poly1305@openssh.com', 'aes128-cbc', '3des-cbc', 'blowfish-cbc', 'cast128-cbc', 'aes192-cbc', 'aes256-cbc', 'arcfour', 'rijndael-cbc@lysator.liu.se'] client mac:['hmac-md5-etm@openssh.com', 'hmac-sha1-etm@openssh.com', 'umac-64-etm@openssh.com', 'umac-128-etm@openssh.com', 'hmac-sha2-256-etm@openssh.com', 'hmac-sha2-512-etm@openssh.com', 'hmac-ripemd160-etm@openssh.com', 'hmac-sha1-96-etm@openssh.com', 'hmac-md5-96-etm@openssh.com', 'hmac-md5', 'hmac-sha1', 'umac-64@openssh.com', 'umac-128@openssh.com', 'hmac-sha2-256', 'hmac-sha2-512', 'hmac-ripemd160', 'hmac-ripemd160@openssh.com', 'hmac-sha1-96', 'hmac-md5-96'] server mac:['hmac-md5-etm@openssh.com', 'hmac-sha1-etm@openssh.com', 'umac-64-etm@openssh.com', 'umac-128-etm@openssh.com', 'hmac-sha2-256-etm@openssh.com', 'hmac-sha2-512-etm@openssh.com', 'hmac-ripemd160-etm@openssh.com', 'hmac-sha1-96-etm@openssh.com', 'hmac-md5-96-etm@openssh.com', 'hmac-md5', 'hmac-sha1', 'umac-64@openssh.com', 'umac-128@openssh.com', 'hmac-sha2-256', 'hmac-sha2-512', 'hmac-ripemd160', 'hmac-ripemd160@openssh.com', 'hmac-sha1-96', 'hmac-md5-96'] client compress:['none', 'zlib@openssh.com'] server compress:['none', 'zlib@openssh.com'] client lang:[''] server lang:[''] kex follows?False
DEB [20171119-13:12:18.871] thr=1   paramiko.transport: Kex agreed: ecdh-sha2-nistp256
DEB [20171119-13:12:18.871] thr=1   paramiko.transport: HostKey agreed: ssh-ed25519
DEB [20171119-13:12:18.871] thr=1   paramiko.transport: Cipher agreed: aes128-ctr
DEB [20171119-13:12:18.871] thr=1   paramiko.transport: MAC agreed: hmac-sha2-256
DEB [20171119-13:12:18.871] thr=1   paramiko.transport: Compression agreed: none
DEB [20171119-13:12:18.935] thr=1   paramiko.transport: kex engine KexNistp256 specified hash_algo <built-in function openssl_sha256>
DEB [20171119-13:12:18.935] thr=1   paramiko.transport: Switch to new keys ...
DEB [20171119-13:12:18.975] thr=1   paramiko.transport: userauth is OK
INF [20171119-13:12:19.000] thr=1   paramiko.transport: Authentication (password) successful!
DEB [20171119-13:12:19.000] thr=2   paramiko.transport: [chan 0] Max packet in: 32768 bytes
DEB [20171119-13:12:19.009] thr=1   paramiko.transport: [chan 0] Max packet out: 32768 bytes
DEB [20171119-13:12:19.010] thr=1   paramiko.transport: Secsh channel 0 opened.
DEB [20171119-13:12:19.011] thr=1   paramiko.transport: [chan 0] Sesch channel 0 request ok
DEB [20171119-13:12:19.014] thr=1   paramiko.transport: [chan 0] Sesch channel 0 request ok
DEB [20171119-13:22:25.778] thr=1   paramiko.transport: starting thread (client mode): 0x43f9320
DEB [20171119-13:22:25.778] thr=1   paramiko.transport: Local version/idstring: SSH-2.0-paramiko_2.2.1
DEB [20171119-13:22:25.783] thr=1   paramiko.transport: Remote version/idstring: SSH-2.0-OpenSSH_6.6.1
INF [20171119-13:22:25.783] thr=1   paramiko.transport: Connected (version 2.0, client OpenSSH_6.6.1)
DEB [20171119-13:22:25.784] thr=1   paramiko.transport: kex algos:['curve25519-sha256@libssh.org', 'ecdh-sha2-nistp256', 'ecdh-sha2-nistp384', 'ecdh-sha2-nistp521', 'diffie-hellman-group-exchange-sha256', 'diffie-hellman-group-exchange-sha1', 'diffie-hellman-group14-sha1', 'diffie-hellman-group1-sha1'] server key:['ssh-rsa', 'ecdsa-sha2-nistp256', 'ssh-ed25519'] client encrypt:['aes128-ctr', 'aes192-ctr', 'aes256-ctr', 'arcfour256', 'arcfour128', 'aes128-gcm@openssh.com', 'aes256-gcm@openssh.com', 'chacha20-poly1305@openssh.com', 'aes128-cbc', '3des-cbc', 'blowfish-cbc', 'cast128-cbc', 'aes192-cbc', 'aes256-cbc', 'arcfour', 'rijndael-cbc@lysator.liu.se'] server encrypt:['aes128-ctr', 'aes192-ctr', 'aes256-ctr', 'arcfour256', 'arcfour128', 'aes128-gcm@openssh.com', 'aes256-gcm@openssh.com', 'chacha20-poly1305@openssh.com', 'aes128-cbc', '3des-cbc', 'blowfish-cbc', 'cast128-cbc', 'aes192-cbc', 'aes256-cbc', 'arcfour', 'rijndael-cbc@lysator.liu.se'] client mac:['hmac-md5-etm@openssh.com', 'hmac-sha1-etm@openssh.com', 'umac-64-etm@openssh.com', 'umac-128-etm@openssh.com', 'hmac-sha2-256-etm@openssh.com', 'hmac-sha2-512-etm@openssh.com', 'hmac-ripemd160-etm@openssh.com', 'hmac-sha1-96-etm@openssh.com', 'hmac-md5-96-etm@openssh.com', 'hmac-md5', 'hmac-sha1', 'umac-64@openssh.com', 'umac-128@openssh.com', 'hmac-sha2-256', 'hmac-sha2-512', 'hmac-ripemd160', 'hmac-ripemd160@openssh.com', 'hmac-sha1-96', 'hmac-md5-96'] server mac:['hmac-md5-etm@openssh.com', 'hmac-sha1-etm@openssh.com', 'umac-64-etm@openssh.com', 'umac-128-etm@openssh.com', 'hmac-sha2-256-etm@openssh.com', 'hmac-sha2-512-etm@openssh.com', 'hmac-ripemd160-etm@openssh.com', 'hmac-sha1-96-etm@openssh.com', 'hmac-md5-96-etm@openssh.com', 'hmac-md5', 'hmac-sha1', 'umac-64@openssh.com', 'umac-128@openssh.com', 'hmac-sha2-256', 'hmac-sha2-512', 'hmac-ripemd160', 'hmac-ripemd160@openssh.com', 'hmac-sha1-96', 'hmac-md5-96'] client compress:['none', 'zlib@openssh.com'] server compress:['none', 'zlib@openssh.com'] client lang:[''] server lang:[''] kex follows?False
DEB [20171119-13:22:25.784] thr=1   paramiko.transport: Kex agreed: ecdh-sha2-nistp256
DEB [20171119-13:22:25.784] thr=1   paramiko.transport: HostKey agreed: ssh-ed25519
DEB [20171119-13:22:25.784] thr=1   paramiko.transport: Cipher agreed: aes128-ctr
DEB [20171119-13:22:25.784] thr=1   paramiko.transport: MAC agreed: hmac-sha2-256
DEB [20171119-13:22:25.784] thr=1   paramiko.transport: Compression agreed: none
DEB [20171119-13:22:25.843] thr=1   paramiko.transport: kex engine KexNistp256 specified hash_algo <built-in function openssl_sha256>
DEB [20171119-13:22:25.844] thr=1   paramiko.transport: Switch to new keys ...
DEB [20171119-13:22:25.884] thr=1   paramiko.transport: userauth is OK
INF [20171119-13:22:25.910] thr=1   paramiko.transport: Authentication (password) successful!
DEB [20171119-13:22:25.910] thr=2   paramiko.transport: [chan 0] Max packet in: 32768 bytes
DEB [20171119-13:22:25.918] thr=1   paramiko.transport: [chan 0] Max packet out: 32768 bytes
DEB [20171119-13:22:25.918] thr=1   paramiko.transport: Secsh channel 0 opened.
DEB [20171119-13:22:25.919] thr=1   paramiko.transport: [chan 0] Sesch channel 0 request ok
DEB [20171119-13:22:25.923] thr=1   paramiko.transport: [chan 0] Sesch channel 0 request ok
DEB [20171119-13:25:14.881] thr=1   paramiko.transport: starting thread (client mode): 0x45a9358
DEB [20171119-13:25:14.882] thr=1   paramiko.transport: Local version/idstring: SSH-2.0-paramiko_2.2.1
DEB [20171119-13:25:14.886] thr=1   paramiko.transport: Remote version/idstring: SSH-2.0-OpenSSH_6.6.1
INF [20171119-13:25:14.886] thr=1   paramiko.transport: Connected (version 2.0, client OpenSSH_6.6.1)
DEB [20171119-13:25:14.887] thr=1   paramiko.transport: kex algos:['curve25519-sha256@libssh.org', 'ecdh-sha2-nistp256', 'ecdh-sha2-nistp384', 'ecdh-sha2-nistp521', 'diffie-hellman-group-exchange-sha256', 'diffie-hellman-group-exchange-sha1', 'diffie-hellman-group14-sha1', 'diffie-hellman-group1-sha1'] server key:['ssh-rsa', 'ecdsa-sha2-nistp256', 'ssh-ed25519'] client encrypt:['aes128-ctr', 'aes192-ctr', 'aes256-ctr', 'arcfour256', 'arcfour128', 'aes128-gcm@openssh.com', 'aes256-gcm@openssh.com', 'chacha20-poly1305@openssh.com', 'aes128-cbc', '3des-cbc', 'blowfish-cbc', 'cast128-cbc', 'aes192-cbc', 'aes256-cbc', 'arcfour', 'rijndael-cbc@lysator.liu.se'] server encrypt:['aes128-ctr', 'aes192-ctr', 'aes256-ctr', 'arcfour256', 'arcfour128', 'aes128-gcm@openssh.com', 'aes256-gcm@openssh.com', 'chacha20-poly1305@openssh.com', 'aes128-cbc', '3des-cbc', 'blowfish-cbc', 'cast128-cbc', 'aes192-cbc', 'aes256-cbc', 'arcfour', 'rijndael-cbc@lysator.liu.se'] client mac:['hmac-md5-etm@openssh.com', 'hmac-sha1-etm@openssh.com', 'umac-64-etm@openssh.com', 'umac-128-etm@openssh.com', 'hmac-sha2-256-etm@openssh.com', 'hmac-sha2-512-etm@openssh.com', 'hmac-ripemd160-etm@openssh.com', 'hmac-sha1-96-etm@openssh.com', 'hmac-md5-96-etm@openssh.com', 'hmac-md5', 'hmac-sha1', 'umac-64@openssh.com', 'umac-128@openssh.com', 'hmac-sha2-256', 'hmac-sha2-512', 'hmac-ripemd160', 'hmac-ripemd160@openssh.com', 'hmac-sha1-96', 'hmac-md5-96'] server mac:['hmac-md5-etm@openssh.com', 'hmac-sha1-etm@openssh.com', 'umac-64-etm@openssh.com', 'umac-128-etm@openssh.com', 'hmac-sha2-256-etm@openssh.com', 'hmac-sha2-512-etm@openssh.com', 'hmac-ripemd160-etm@openssh.com', 'hmac-sha1-96-etm@openssh.com', 'hmac-md5-96-etm@openssh.com', 'hmac-md5', 'hmac-sha1', 'umac-64@openssh.com', 'umac-128@openssh.com', 'hmac-sha2-256', 'hmac-sha2-512', 'hmac-ripemd160', 'hmac-ripemd160@openssh.com', 'hmac-sha1-96', 'hmac-md5-96'] client compress:['none', 'zlib@openssh.com'] server compress:['none', 'zlib@openssh.com'] client lang:[''] server lang:[''] kex follows?False
DEB [20171119-13:25:14.887] thr=1   paramiko.transport: Kex agreed: ecdh-sha2-nistp256
DEB [20171119-13:25:14.887] thr=1   paramiko.transport: HostKey agreed: ssh-ed25519
DEB [20171119-13:25:14.888] thr=1   paramiko.transport: Cipher agreed: aes128-ctr
DEB [20171119-13:25:14.888] thr=1   paramiko.transport: MAC agreed: hmac-sha2-256
DEB [20171119-13:25:14.888] thr=1   paramiko.transport: Compression agreed: none
DEB [20171119-13:25:14.946] thr=1   paramiko.transport: kex engine KexNistp256 specified hash_algo <built-in function openssl_sha256>
DEB [20171119-13:25:14.947] thr=1   paramiko.transport: Switch to new keys ...
DEB [20171119-13:25:14.987] thr=1   paramiko.transport: userauth is OK
INF [20171119-13:25:15.006] thr=1   paramiko.transport: Authentication (password) successful!
DEB [20171119-13:25:15.006] thr=2   paramiko.transport: [chan 0] Max packet in: 32768 bytes
DEB [20171119-13:25:15.014] thr=1   paramiko.transport: [chan 0] Max packet out: 32768 bytes
DEB [20171119-13:25:15.014] thr=1   paramiko.transport: Secsh channel 0 opened.
DEB [20171119-13:25:15.015] thr=1   paramiko.transport: [chan 0] Sesch channel 0 request ok
DEB [20171119-13:25:15.018] thr=1   paramiko.transport: [chan 0] Sesch channel 0 request ok
DEB [20171119-13:26:24.416] thr=1   paramiko.transport: starting thread (client mode): 0x48e9320
DEB [20171119-13:26:24.416] thr=1   paramiko.transport: Local version/idstring: SSH-2.0-paramiko_2.2.1
DEB [20171119-13:26:24.421] thr=1   paramiko.transport: Remote version/idstring: SSH-2.0-OpenSSH_6.6.1
INF [20171119-13:26:24.421] thr=1   paramiko.transport: Connected (version 2.0, client OpenSSH_6.6.1)
DEB [20171119-13:26:24.422] thr=1   paramiko.transport: kex algos:['curve25519-sha256@libssh.org', 'ecdh-sha2-nistp256', 'ecdh-sha2-nistp384', 'ecdh-sha2-nistp521', 'diffie-hellman-group-exchange-sha256', 'diffie-hellman-group-exchange-sha1', 'diffie-hellman-group14-sha1', 'diffie-hellman-group1-sha1'] server key:['ssh-rsa', 'ecdsa-sha2-nistp256', 'ssh-ed25519'] client encrypt:['aes128-ctr', 'aes192-ctr', 'aes256-ctr', 'arcfour256', 'arcfour128', 'aes128-gcm@openssh.com', 'aes256-gcm@openssh.com', 'chacha20-poly1305@openssh.com', 'aes128-cbc', '3des-cbc', 'blowfish-cbc', 'cast128-cbc', 'aes192-cbc', 'aes256-cbc', 'arcfour', 'rijndael-cbc@lysator.liu.se'] server encrypt:['aes128-ctr', 'aes192-ctr', 'aes256-ctr', 'arcfour256', 'arcfour128', 'aes128-gcm@openssh.com', 'aes256-gcm@openssh.com', 'chacha20-poly1305@openssh.com', 'aes128-cbc', '3des-cbc', 'blowfish-cbc', 'cast128-cbc', 'aes192-cbc', 'aes256-cbc', 'arcfour', 'rijndael-cbc@lysator.liu.se'] client mac:['hmac-md5-etm@openssh.com', 'hmac-sha1-etm@openssh.com', 'umac-64-etm@openssh.com', 'umac-128-etm@openssh.com', 'hmac-sha2-256-etm@openssh.com', 'hmac-sha2-512-etm@openssh.com', 'hmac-ripemd160-etm@openssh.com', 'hmac-sha1-96-etm@openssh.com', 'hmac-md5-96-etm@openssh.com', 'hmac-md5', 'hmac-sha1', 'umac-64@openssh.com', 'umac-128@openssh.com', 'hmac-sha2-256', 'hmac-sha2-512', 'hmac-ripemd160', 'hmac-ripemd160@openssh.com', 'hmac-sha1-96', 'hmac-md5-96'] server mac:['hmac-md5-etm@openssh.com', 'hmac-sha1-etm@openssh.com', 'umac-64-etm@openssh.com', 'umac-128-etm@openssh.com', 'hmac-sha2-256-etm@openssh.com', 'hmac-sha2-512-etm@openssh.com', 'hmac-ripemd160-etm@openssh.com', 'hmac-sha1-96-etm@openssh.com', 'hmac-md5-96-etm@openssh.com', 'hmac-md5', 'hmac-sha1', 'umac-64@openssh.com', 'umac-128@openssh.com', 'hmac-sha2-256', 'hmac-sha2-512', 'hmac-ripemd160', 'hmac-ripemd160@openssh.com', 'hmac-sha1-96', 'hmac-md5-96'] client compress:['none', 'zlib@openssh.com'] server compress:['none', 'zlib@openssh.com'] client lang:[''] server lang:[''] kex follows?False
DEB [20171119-13:26:24.422] thr=1   paramiko.transport: Kex agreed: ecdh-sha2-nistp256
DEB [20171119-13:26:24.422] thr=1   paramiko.transport: HostKey agreed: ssh-ed25519
DEB [20171119-13:26:24.422] thr=1   paramiko.transport: Cipher agreed: aes128-ctr
DEB [20171119-13:26:24.422] thr=1   paramiko.transport: MAC agreed: hmac-sha2-256
DEB [20171119-13:26:24.422] thr=1   paramiko.transport: Compression agreed: none
DEB [20171119-13:26:24.483] thr=1   paramiko.transport: kex engine KexNistp256 specified hash_algo <built-in function openssl_sha256>
DEB [20171119-13:26:24.483] thr=1   paramiko.transport: Switch to new keys ...
DEB [20171119-13:26:24.524] thr=1   paramiko.transport: userauth is OK
INF [20171119-13:26:24.543] thr=1   paramiko.transport: Authentication (password) successful!
DEB [20171119-13:26:24.544] thr=2   paramiko.transport: [chan 0] Max packet in: 32768 bytes
DEB [20171119-13:26:24.552] thr=1   paramiko.transport: [chan 0] Max packet out: 32768 bytes
DEB [20171119-13:26:24.552] thr=1   paramiko.transport: Secsh channel 0 opened.
DEB [20171119-13:26:24.553] thr=1   paramiko.transport: [chan 0] Sesch channel 0 request ok
DEB [20171119-13:26:24.556] thr=1   paramiko.transport: [chan 0] Sesch channel 0 request ok
DEB [20171119-13:27:10.863] thr=1   paramiko.transport: starting thread (client mode): 0x4529358
DEB [20171119-13:27:10.864] thr=1   paramiko.transport: Local version/idstring: SSH-2.0-paramiko_2.2.1
DEB [20171119-13:27:10.868] thr=1   paramiko.transport: Remote version/idstring: SSH-2.0-OpenSSH_6.6.1
INF [20171119-13:27:10.869] thr=1   paramiko.transport: Connected (version 2.0, client OpenSSH_6.6.1)
DEB [20171119-13:27:10.869] thr=1   paramiko.transport: kex algos:['curve25519-sha256@libssh.org', 'ecdh-sha2-nistp256', 'ecdh-sha2-nistp384', 'ecdh-sha2-nistp521', 'diffie-hellman-group-exchange-sha256', 'diffie-hellman-group-exchange-sha1', 'diffie-hellman-group14-sha1', 'diffie-hellman-group1-sha1'] server key:['ssh-rsa', 'ecdsa-sha2-nistp256', 'ssh-ed25519'] client encrypt:['aes128-ctr', 'aes192-ctr', 'aes256-ctr', 'arcfour256', 'arcfour128', 'aes128-gcm@openssh.com', 'aes256-gcm@openssh.com', 'chacha20-poly1305@openssh.com', 'aes128-cbc', '3des-cbc', 'blowfish-cbc', 'cast128-cbc', 'aes192-cbc', 'aes256-cbc', 'arcfour', 'rijndael-cbc@lysator.liu.se'] server encrypt:['aes128-ctr', 'aes192-ctr', 'aes256-ctr', 'arcfour256', 'arcfour128', 'aes128-gcm@openssh.com', 'aes256-gcm@openssh.com', 'chacha20-poly1305@openssh.com', 'aes128-cbc', '3des-cbc', 'blowfish-cbc', 'cast128-cbc', 'aes192-cbc', 'aes256-cbc', 'arcfour', 'rijndael-cbc@lysator.liu.se'] client mac:['hmac-md5-etm@openssh.com', 'hmac-sha1-etm@openssh.com', 'umac-64-etm@openssh.com', 'umac-128-etm@openssh.com', 'hmac-sha2-256-etm@openssh.com', 'hmac-sha2-512-etm@openssh.com', 'hmac-ripemd160-etm@openssh.com', 'hmac-sha1-96-etm@openssh.com', 'hmac-md5-96-etm@openssh.com', 'hmac-md5', 'hmac-sha1', 'umac-64@openssh.com', 'umac-128@openssh.com', 'hmac-sha2-256', 'hmac-sha2-512', 'hmac-ripemd160', 'hmac-ripemd160@openssh.com', 'hmac-sha1-96', 'hmac-md5-96'] server mac:['hmac-md5-etm@openssh.com', 'hmac-sha1-etm@openssh.com', 'umac-64-etm@openssh.com', 'umac-128-etm@openssh.com', 'hmac-sha2-256-etm@openssh.com', 'hmac-sha2-512-etm@openssh.com', 'hmac-ripemd160-etm@openssh.com', 'hmac-sha1-96-etm@openssh.com', 'hmac-md5-96-etm@openssh.com', 'hmac-md5', 'hmac-sha1', 'umac-64@openssh.com', 'umac-128@openssh.com', 'hmac-sha2-256', 'hmac-sha2-512', 'hmac-ripemd160', 'hmac-ripemd160@openssh.com', 'hmac-sha1-96', 'hmac-md5-96'] client compress:['none', 'zlib@openssh.com'] server compress:['none', 'zlib@openssh.com'] client lang:[''] server lang:[''] kex follows?False
DEB [20171119-13:27:10.869] thr=1   paramiko.transport: Kex agreed: ecdh-sha2-nistp256
DEB [20171119-13:27:10.870] thr=1   paramiko.transport: HostKey agreed: ssh-ed25519
DEB [20171119-13:27:10.870] thr=1   paramiko.transport: Cipher agreed: aes128-ctr
DEB [20171119-13:27:10.870] thr=1   paramiko.transport: MAC agreed: hmac-sha2-256
DEB [20171119-13:27:10.870] thr=1   paramiko.transport: Compression agreed: none
DEB [20171119-13:27:10.928] thr=1   paramiko.transport: kex engine KexNistp256 specified hash_algo <built-in function openssl_sha256>
DEB [20171119-13:27:10.929] thr=1   paramiko.transport: Switch to new keys ...
DEB [20171119-13:27:10.969] thr=1   paramiko.transport: userauth is OK
INF [20171119-13:27:10.988] thr=1   paramiko.transport: Authentication (password) successful!
DEB [20171119-13:27:10.988] thr=2   paramiko.transport: [chan 0] Max packet in: 32768 bytes
DEB [20171119-13:27:10.996] thr=1   paramiko.transport: [chan 0] Max packet out: 32768 bytes
DEB [20171119-13:27:10.996] thr=1   paramiko.transport: Secsh channel 0 opened.
DEB [20171119-13:27:10.997] thr=1   paramiko.transport: [chan 0] Sesch channel 0 request ok
DEB [20171119-13:27:11.000] thr=1   paramiko.transport: [chan 0] Sesch channel 0 request ok
DEB [20171119-13:27:12.166] thr=1   paramiko.transport: EOF in transport thread
DEB [20171119-13:28:19.719] thr=1   paramiko.transport: starting thread (client mode): 0x4489358
DEB [20171119-13:28:19.720] thr=1   paramiko.transport: Local version/idstring: SSH-2.0-paramiko_2.2.1
DEB [20171119-13:28:19.724] thr=1   paramiko.transport: Remote version/idstring: SSH-2.0-OpenSSH_6.6.1
INF [20171119-13:28:19.725] thr=1   paramiko.transport: Connected (version 2.0, client OpenSSH_6.6.1)
DEB [20171119-13:28:19.725] thr=1   paramiko.transport: kex algos:['curve25519-sha256@libssh.org', 'ecdh-sha2-nistp256', 'ecdh-sha2-nistp384', 'ecdh-sha2-nistp521', 'diffie-hellman-group-exchange-sha256', 'diffie-hellman-group-exchange-sha1', 'diffie-hellman-group14-sha1', 'diffie-hellman-group1-sha1'] server key:['ssh-rsa', 'ecdsa-sha2-nistp256', 'ssh-ed25519'] client encrypt:['aes128-ctr', 'aes192-ctr', 'aes256-ctr', 'arcfour256', 'arcfour128', 'aes128-gcm@openssh.com', 'aes256-gcm@openssh.com', 'chacha20-poly1305@openssh.com', 'aes128-cbc', '3des-cbc', 'blowfish-cbc', 'cast128-cbc', 'aes192-cbc', 'aes256-cbc', 'arcfour', 'rijndael-cbc@lysator.liu.se'] server encrypt:['aes128-ctr', 'aes192-ctr', 'aes256-ctr', 'arcfour256', 'arcfour128', 'aes128-gcm@openssh.com', 'aes256-gcm@openssh.com', 'chacha20-poly1305@openssh.com', 'aes128-cbc', '3des-cbc', 'blowfish-cbc', 'cast128-cbc', 'aes192-cbc', 'aes256-cbc', 'arcfour', 'rijndael-cbc@lysator.liu.se'] client mac:['hmac-md5-etm@openssh.com', 'hmac-sha1-etm@openssh.com', 'umac-64-etm@openssh.com', 'umac-128-etm@openssh.com', 'hmac-sha2-256-etm@openssh.com', 'hmac-sha2-512-etm@openssh.com', 'hmac-ripemd160-etm@openssh.com', 'hmac-sha1-96-etm@openssh.com', 'hmac-md5-96-etm@openssh.com', 'hmac-md5', 'hmac-sha1', 'umac-64@openssh.com', 'umac-128@openssh.com', 'hmac-sha2-256', 'hmac-sha2-512', 'hmac-ripemd160', 'hmac-ripemd160@openssh.com', 'hmac-sha1-96', 'hmac-md5-96'] server mac:['hmac-md5-etm@openssh.com', 'hmac-sha1-etm@openssh.com', 'umac-64-etm@openssh.com', 'umac-128-etm@openssh.com', 'hmac-sha2-256-etm@openssh.com', 'hmac-sha2-512-etm@openssh.com', 'hmac-ripemd160-etm@openssh.com', 'hmac-sha1-96-etm@openssh.com', 'hmac-md5-96-etm@openssh.com', 'hmac-md5', 'hmac-sha1', 'umac-64@openssh.com', 'umac-128@openssh.com', 'hmac-sha2-256', 'hmac-sha2-512', 'hmac-ripemd160', 'hmac-ripemd160@openssh.com', 'hmac-sha1-96', 'hmac-md5-96'] client compress:['none', 'zlib@openssh.com'] server compress:['none', 'zlib@openssh.com'] client lang:[''] server lang:[''] kex follows?False
DEB [20171119-13:28:19.725] thr=1   paramiko.transport: Kex agreed: ecdh-sha2-nistp256
DEB [20171119-13:28:19.726] thr=1   paramiko.transport: HostKey agreed: ssh-ed25519
DEB [20171119-13:28:19.726] thr=1   paramiko.transport: Cipher agreed: aes128-ctr
DEB [20171119-13:28:19.726] thr=1   paramiko.transport: MAC agreed: hmac-sha2-256
DEB [20171119-13:28:19.726] thr=1   paramiko.transport: Compression agreed: none
DEB [20171119-13:28:19.785] thr=1   paramiko.transport: kex engine KexNistp256 specified hash_algo <built-in function openssl_sha256>
DEB [20171119-13:28:19.785] thr=1   paramiko.transport: Switch to new keys ...
DEB [20171119-13:28:19.825] thr=1   paramiko.transport: userauth is OK
INF [20171119-13:28:19.844] thr=1   paramiko.transport: Authentication (password) successful!
DEB [20171119-13:28:19.844] thr=2   paramiko.transport: [chan 0] Max packet in: 32768 bytes
DEB [20171119-13:28:19.852] thr=1   paramiko.transport: [chan 0] Max packet out: 32768 bytes
DEB [20171119-13:28:19.853] thr=1   paramiko.transport: Secsh channel 0 opened.
DEB [20171119-13:28:19.853] thr=1   paramiko.transport: [chan 0] Sesch channel 0 request ok
DEB [20171119-13:28:19.857] thr=1   paramiko.transport: [chan 0] Sesch channel 0 request ok
DEB [20171119-13:41:01.996] thr=1   paramiko.transport: starting thread (client mode): 0x4390ef0
DEB [20171119-13:41:01.996] thr=1   paramiko.transport: Local version/idstring: SSH-2.0-paramiko_2.2.1
DEB [20171119-13:41:02.002] thr=1   paramiko.transport: Remote version/idstring: SSH-2.0-OpenSSH_6.6.1
INF [20171119-13:41:02.002] thr=1   paramiko.transport: Connected (version 2.0, client OpenSSH_6.6.1)
DEB [20171119-13:41:02.003] thr=1   paramiko.transport: kex algos:['curve25519-sha256@libssh.org', 'ecdh-sha2-nistp256', 'ecdh-sha2-nistp384', 'ecdh-sha2-nistp521', 'diffie-hellman-group-exchange-sha256', 'diffie-hellman-group-exchange-sha1', 'diffie-hellman-group14-sha1', 'diffie-hellman-group1-sha1'] server key:['ssh-rsa', 'ecdsa-sha2-nistp256', 'ssh-ed25519'] client encrypt:['aes128-ctr', 'aes192-ctr', 'aes256-ctr', 'arcfour256', 'arcfour128', 'aes128-gcm@openssh.com', 'aes256-gcm@openssh.com', 'chacha20-poly1305@openssh.com', 'aes128-cbc', '3des-cbc', 'blowfish-cbc', 'cast128-cbc', 'aes192-cbc', 'aes256-cbc', 'arcfour', 'rijndael-cbc@lysator.liu.se'] server encrypt:['aes128-ctr', 'aes192-ctr', 'aes256-ctr', 'arcfour256', 'arcfour128', 'aes128-gcm@openssh.com', 'aes256-gcm@openssh.com', 'chacha20-poly1305@openssh.com', 'aes128-cbc', '3des-cbc', 'blowfish-cbc', 'cast128-cbc', 'aes192-cbc', 'aes256-cbc', 'arcfour', 'rijndael-cbc@lysator.liu.se'] client mac:['hmac-md5-etm@openssh.com', 'hmac-sha1-etm@openssh.com', 'umac-64-etm@openssh.com', 'umac-128-etm@openssh.com', 'hmac-sha2-256-etm@openssh.com', 'hmac-sha2-512-etm@openssh.com', 'hmac-ripemd160-etm@openssh.com', 'hmac-sha1-96-etm@openssh.com', 'hmac-md5-96-etm@openssh.com', 'hmac-md5', 'hmac-sha1', 'umac-64@openssh.com', 'umac-128@openssh.com', 'hmac-sha2-256', 'hmac-sha2-512', 'hmac-ripemd160', 'hmac-ripemd160@openssh.com', 'hmac-sha1-96', 'hmac-md5-96'] server mac:['hmac-md5-etm@openssh.com', 'hmac-sha1-etm@openssh.com', 'umac-64-etm@openssh.com', 'umac-128-etm@openssh.com', 'hmac-sha2-256-etm@openssh.com', 'hmac-sha2-512-etm@openssh.com', 'hmac-ripemd160-etm@openssh.com', 'hmac-sha1-96-etm@openssh.com', 'hmac-md5-96-etm@openssh.com', 'hmac-md5', 'hmac-sha1', 'umac-64@openssh.com', 'umac-128@openssh.com', 'hmac-sha2-256', 'hmac-sha2-512', 'hmac-ripemd160', 'hmac-ripemd160@openssh.com', 'hmac-sha1-96', 'hmac-md5-96'] client compress:['none', 'zlib@openssh.com'] server compress:['none', 'zlib@openssh.com'] client lang:[''] server lang:[''] kex follows?False
DEB [20171119-13:41:02.003] thr=1   paramiko.transport: Kex agreed: ecdh-sha2-nistp256
DEB [20171119-13:41:02.003] thr=1   paramiko.transport: HostKey agreed: ssh-ed25519
DEB [20171119-13:41:02.004] thr=1   paramiko.transport: Cipher agreed: aes128-ctr
DEB [20171119-13:41:02.004] thr=1   paramiko.transport: MAC agreed: hmac-sha2-256
DEB [20171119-13:41:02.004] thr=1   paramiko.transport: Compression agreed: none
DEB [20171119-13:41:02.064] thr=1   paramiko.transport: kex engine KexNistp256 specified hash_algo <built-in function openssl_sha256>
DEB [20171119-13:41:02.065] thr=1   paramiko.transport: Switch to new keys ...
DEB [20171119-13:41:02.105] thr=1   paramiko.transport: userauth is OK
INF [20171119-13:41:02.124] thr=1   paramiko.transport: Authentication (password) successful!
DEB [20171119-13:41:02.124] thr=2   paramiko.transport: [chan 0] Max packet in: 32768 bytes
DEB [20171119-13:41:02.134] thr=1   paramiko.transport: [chan 0] Max packet out: 32768 bytes
DEB [20171119-13:41:02.134] thr=1   paramiko.transport: Secsh channel 0 opened.
DEB [20171119-13:41:02.135] thr=1   paramiko.transport: [chan 0] Sesch channel 0 request ok
DEB [20171119-13:41:02.140] thr=1   paramiko.transport: [chan 0] Sesch channel 0 request ok
DEB [20171119-13:41:02.142] thr=1   paramiko.transport: EOF in transport thread
DEB [20171119-13:47:34.455] thr=1   paramiko.transport: starting thread (client mode): 0x4390f98
DEB [20171119-13:47:34.455] thr=1   paramiko.transport: Local version/idstring: SSH-2.0-paramiko_2.2.1
DEB [20171119-13:47:34.460] thr=1   paramiko.transport: Remote version/idstring: SSH-2.0-OpenSSH_6.6.1
INF [20171119-13:47:34.460] thr=1   paramiko.transport: Connected (version 2.0, client OpenSSH_6.6.1)
DEB [20171119-13:47:34.461] thr=1   paramiko.transport: kex algos:['curve25519-sha256@libssh.org', 'ecdh-sha2-nistp256', 'ecdh-sha2-nistp384', 'ecdh-sha2-nistp521', 'diffie-hellman-group-exchange-sha256', 'diffie-hellman-group-exchange-sha1', 'diffie-hellman-group14-sha1', 'diffie-hellman-group1-sha1'] server key:['ssh-rsa', 'ecdsa-sha2-nistp256', 'ssh-ed25519'] client encrypt:['aes128-ctr', 'aes192-ctr', 'aes256-ctr', 'arcfour256', 'arcfour128', 'aes128-gcm@openssh.com', 'aes256-gcm@openssh.com', 'chacha20-poly1305@openssh.com', 'aes128-cbc', '3des-cbc', 'blowfish-cbc', 'cast128-cbc', 'aes192-cbc', 'aes256-cbc', 'arcfour', 'rijndael-cbc@lysator.liu.se'] server encrypt:['aes128-ctr', 'aes192-ctr', 'aes256-ctr', 'arcfour256', 'arcfour128', 'aes128-gcm@openssh.com', 'aes256-gcm@openssh.com', 'chacha20-poly1305@openssh.com', 'aes128-cbc', '3des-cbc', 'blowfish-cbc', 'cast128-cbc', 'aes192-cbc', 'aes256-cbc', 'arcfour', 'rijndael-cbc@lysator.liu.se'] client mac:['hmac-md5-etm@openssh.com', 'hmac-sha1-etm@openssh.com', 'umac-64-etm@openssh.com', 'umac-128-etm@openssh.com', 'hmac-sha2-256-etm@openssh.com', 'hmac-sha2-512-etm@openssh.com', 'hmac-ripemd160-etm@openssh.com', 'hmac-sha1-96-etm@openssh.com', 'hmac-md5-96-etm@openssh.com', 'hmac-md5', 'hmac-sha1', 'umac-64@openssh.com', 'umac-128@openssh.com', 'hmac-sha2-256', 'hmac-sha2-512', 'hmac-ripemd160', 'hmac-ripemd160@openssh.com', 'hmac-sha1-96', 'hmac-md5-96'] server mac:['hmac-md5-etm@openssh.com', 'hmac-sha1-etm@openssh.com', 'umac-64-etm@openssh.com', 'umac-128-etm@openssh.com', 'hmac-sha2-256-etm@openssh.com', 'hmac-sha2-512-etm@openssh.com', 'hmac-ripemd160-etm@openssh.com', 'hmac-sha1-96-etm@openssh.com', 'hmac-md5-96-etm@openssh.com', 'hmac-md5', 'hmac-sha1', 'umac-64@openssh.com', 'umac-128@openssh.com', 'hmac-sha2-256', 'hmac-sha2-512', 'hmac-ripemd160', 'hmac-ripemd160@openssh.com', 'hmac-sha1-96', 'hmac-md5-96'] client compress:['none', 'zlib@openssh.com'] server compress:['none', 'zlib@openssh.com'] client lang:[''] server lang:[''] kex follows?False
DEB [20171119-13:47:34.462] thr=1   paramiko.transport: Kex agreed: ecdh-sha2-nistp256
DEB [20171119-13:47:34.462] thr=1   paramiko.transport: HostKey agreed: ssh-ed25519
DEB [20171119-13:47:34.462] thr=1   paramiko.transport: Cipher agreed: aes128-ctr
DEB [20171119-13:47:34.462] thr=1   paramiko.transport: MAC agreed: hmac-sha2-256
DEB [20171119-13:47:34.462] thr=1   paramiko.transport: Compression agreed: none
DEB [20171119-13:47:34.523] thr=1   paramiko.transport: kex engine KexNistp256 specified hash_algo <built-in function openssl_sha256>
DEB [20171119-13:47:34.523] thr=1   paramiko.transport: Switch to new keys ...
DEB [20171119-13:47:34.563] thr=1   paramiko.transport: userauth is OK
INF [20171119-13:47:34.590] thr=1   paramiko.transport: Authentication (password) successful!
DEB [20171119-13:47:34.590] thr=2   paramiko.transport: [chan 0] Max packet in: 32768 bytes
DEB [20171119-13:47:34.599] thr=1   paramiko.transport: [chan 0] Max packet out: 32768 bytes
DEB [20171119-13:47:34.599] thr=1   paramiko.transport: Secsh channel 0 opened.
DEB [20171119-13:47:34.600] thr=1   paramiko.transport: [chan 0] Sesch channel 0 request ok
DEB [20171119-13:47:34.604] thr=1   paramiko.transport: [chan 0] Sesch channel 0 request ok
DEB [20171119-13:47:34.610] thr=1   paramiko.transport: EOF in transport thread
DEB [20171119-13:51:28.526] thr=1   paramiko.transport: starting thread (client mode): 0x438eb00
DEB [20171119-13:51:28.526] thr=1   paramiko.transport: Local version/idstring: SSH-2.0-paramiko_2.2.1
DEB [20171119-13:51:28.531] thr=1   paramiko.transport: Remote version/idstring: SSH-2.0-OpenSSH_6.6.1
INF [20171119-13:51:28.531] thr=1   paramiko.transport: Connected (version 2.0, client OpenSSH_6.6.1)
DEB [20171119-13:51:28.531] thr=1   paramiko.transport: kex algos:['curve25519-sha256@libssh.org', 'ecdh-sha2-nistp256', 'ecdh-sha2-nistp384', 'ecdh-sha2-nistp521', 'diffie-hellman-group-exchange-sha256', 'diffie-hellman-group-exchange-sha1', 'diffie-hellman-group14-sha1', 'diffie-hellman-group1-sha1'] server key:['ssh-rsa', 'ecdsa-sha2-nistp256', 'ssh-ed25519'] client encrypt:['aes128-ctr', 'aes192-ctr', 'aes256-ctr', 'arcfour256', 'arcfour128', 'aes128-gcm@openssh.com', 'aes256-gcm@openssh.com', 'chacha20-poly1305@openssh.com', 'aes128-cbc', '3des-cbc', 'blowfish-cbc', 'cast128-cbc', 'aes192-cbc', 'aes256-cbc', 'arcfour', 'rijndael-cbc@lysator.liu.se'] server encrypt:['aes128-ctr', 'aes192-ctr', 'aes256-ctr', 'arcfour256', 'arcfour128', 'aes128-gcm@openssh.com', 'aes256-gcm@openssh.com', 'chacha20-poly1305@openssh.com', 'aes128-cbc', '3des-cbc', 'blowfish-cbc', 'cast128-cbc', 'aes192-cbc', 'aes256-cbc', 'arcfour', 'rijndael-cbc@lysator.liu.se'] client mac:['hmac-md5-etm@openssh.com', 'hmac-sha1-etm@openssh.com', 'umac-64-etm@openssh.com', 'umac-128-etm@openssh.com', 'hmac-sha2-256-etm@openssh.com', 'hmac-sha2-512-etm@openssh.com', 'hmac-ripemd160-etm@openssh.com', 'hmac-sha1-96-etm@openssh.com', 'hmac-md5-96-etm@openssh.com', 'hmac-md5', 'hmac-sha1', 'umac-64@openssh.com', 'umac-128@openssh.com', 'hmac-sha2-256', 'hmac-sha2-512', 'hmac-ripemd160', 'hmac-ripemd160@openssh.com', 'hmac-sha1-96', 'hmac-md5-96'] server mac:['hmac-md5-etm@openssh.com', 'hmac-sha1-etm@openssh.com', 'umac-64-etm@openssh.com', 'umac-128-etm@openssh.com', 'hmac-sha2-256-etm@openssh.com', 'hmac-sha2-512-etm@openssh.com', 'hmac-ripemd160-etm@openssh.com', 'hmac-sha1-96-etm@openssh.com', 'hmac-md5-96-etm@openssh.com', 'hmac-md5', 'hmac-sha1', 'umac-64@openssh.com', 'umac-128@openssh.com', 'hmac-sha2-256', 'hmac-sha2-512', 'hmac-ripemd160', 'hmac-ripemd160@openssh.com', 'hmac-sha1-96', 'hmac-md5-96'] client compress:['none', 'zlib@openssh.com'] server compress:['none', 'zlib@openssh.com'] client lang:[''] server lang:[''] kex follows?False
DEB [20171119-13:51:28.532] thr=1   paramiko.transport: Kex agreed: ecdh-sha2-nistp256
DEB [20171119-13:51:28.532] thr=1   paramiko.transport: HostKey agreed: ssh-ed25519
DEB [20171119-13:51:28.532] thr=1   paramiko.transport: Cipher agreed: aes128-ctr
DEB [20171119-13:51:28.532] thr=1   paramiko.transport: MAC agreed: hmac-sha2-256
DEB [20171119-13:51:28.532] thr=1   paramiko.transport: Compression agreed: none
DEB [20171119-13:51:28.592] thr=1   paramiko.transport: kex engine KexNistp256 specified hash_algo <built-in function openssl_sha256>
DEB [20171119-13:51:28.592] thr=1   paramiko.transport: Switch to new keys ...
DEB [20171119-13:51:28.632] thr=1   paramiko.transport: userauth is OK
INF [20171119-13:51:28.651] thr=1   paramiko.transport: Authentication (password) successful!
DEB [20171119-13:51:28.651] thr=2   paramiko.transport: [chan 0] Max packet in: 32768 bytes
DEB [20171119-13:51:28.660] thr=1   paramiko.transport: [chan 0] Max packet out: 32768 bytes
DEB [20171119-13:51:28.660] thr=1   paramiko.transport: Secsh channel 0 opened.
DEB [20171119-13:51:28.661] thr=1   paramiko.transport: [chan 0] Sesch channel 0 request ok
DEB [20171119-13:51:28.664] thr=1   paramiko.transport: [chan 0] Sesch channel 0 request ok
DEB [20171119-13:51:28.828] thr=1   paramiko.transport: EOF in transport thread
DEB [20171119-13:52:14.989] thr=1   paramiko.transport: starting thread (client mode): 0x44f9b00
DEB [20171119-13:52:14.989] thr=1   paramiko.transport: Local version/idstring: SSH-2.0-paramiko_2.2.1
DEB [20171119-13:52:14.994] thr=1   paramiko.transport: Remote version/idstring: SSH-2.0-OpenSSH_6.6.1
INF [20171119-13:52:14.994] thr=1   paramiko.transport: Connected (version 2.0, client OpenSSH_6.6.1)
DEB [20171119-13:52:14.995] thr=1   paramiko.transport: kex algos:['curve25519-sha256@libssh.org', 'ecdh-sha2-nistp256', 'ecdh-sha2-nistp384', 'ecdh-sha2-nistp521', 'diffie-hellman-group-exchange-sha256', 'diffie-hellman-group-exchange-sha1', 'diffie-hellman-group14-sha1', 'diffie-hellman-group1-sha1'] server key:['ssh-rsa', 'ecdsa-sha2-nistp256', 'ssh-ed25519'] client encrypt:['aes128-ctr', 'aes192-ctr', 'aes256-ctr', 'arcfour256', 'arcfour128', 'aes128-gcm@openssh.com', 'aes256-gcm@openssh.com', 'chacha20-poly1305@openssh.com', 'aes128-cbc', '3des-cbc', 'blowfish-cbc', 'cast128-cbc', 'aes192-cbc', 'aes256-cbc', 'arcfour', 'rijndael-cbc@lysator.liu.se'] server encrypt:['aes128-ctr', 'aes192-ctr', 'aes256-ctr', 'arcfour256', 'arcfour128', 'aes128-gcm@openssh.com', 'aes256-gcm@openssh.com', 'chacha20-poly1305@openssh.com', 'aes128-cbc', '3des-cbc', 'blowfish-cbc', 'cast128-cbc', 'aes192-cbc', 'aes256-cbc', 'arcfour', 'rijndael-cbc@lysator.liu.se'] client mac:['hmac-md5-etm@openssh.com', 'hmac-sha1-etm@openssh.com', 'umac-64-etm@openssh.com', 'umac-128-etm@openssh.com', 'hmac-sha2-256-etm@openssh.com', 'hmac-sha2-512-etm@openssh.com', 'hmac-ripemd160-etm@openssh.com', 'hmac-sha1-96-etm@openssh.com', 'hmac-md5-96-etm@openssh.com', 'hmac-md5', 'hmac-sha1', 'umac-64@openssh.com', 'umac-128@openssh.com', 'hmac-sha2-256', 'hmac-sha2-512', 'hmac-ripemd160', 'hmac-ripemd160@openssh.com', 'hmac-sha1-96', 'hmac-md5-96'] server mac:['hmac-md5-etm@openssh.com', 'hmac-sha1-etm@openssh.com', 'umac-64-etm@openssh.com', 'umac-128-etm@openssh.com', 'hmac-sha2-256-etm@openssh.com', 'hmac-sha2-512-etm@openssh.com', 'hmac-ripemd160-etm@openssh.com', 'hmac-sha1-96-etm@openssh.com', 'hmac-md5-96-etm@openssh.com', 'hmac-md5', 'hmac-sha1', 'umac-64@openssh.com', 'umac-128@openssh.com', 'hmac-sha2-256', 'hmac-sha2-512', 'hmac-ripemd160', 'hmac-ripemd160@openssh.com', 'hmac-sha1-96', 'hmac-md5-96'] client compress:['none', 'zlib@openssh.com'] server compress:['none', 'zlib@openssh.com'] client lang:[''] server lang:[''] kex follows?False
DEB [20171119-13:52:14.995] thr=1   paramiko.transport: Kex agreed: ecdh-sha2-nistp256
DEB [20171119-13:52:14.995] thr=1   paramiko.transport: HostKey agreed: ssh-ed25519
DEB [20171119-13:52:14.995] thr=1   paramiko.transport: Cipher agreed: aes128-ctr
DEB [20171119-13:52:14.995] thr=1   paramiko.transport: MAC agreed: hmac-sha2-256
DEB [20171119-13:52:14.995] thr=1   paramiko.transport: Compression agreed: none
DEB [20171119-13:52:15.053] thr=1   paramiko.transport: kex engine KexNistp256 specified hash_algo <built-in function openssl_sha256>
DEB [20171119-13:52:15.053] thr=1   paramiko.transport: Switch to new keys ...
DEB [20171119-13:52:15.094] thr=1   paramiko.transport: userauth is OK
INF [20171119-13:52:15.113] thr=1   paramiko.transport: Authentication (password) successful!
DEB [20171119-13:52:15.113] thr=2   paramiko.transport: [chan 0] Max packet in: 32768 bytes
DEB [20171119-13:52:15.121] thr=1   paramiko.transport: [chan 0] Max packet out: 32768 bytes
DEB [20171119-13:52:15.122] thr=1   paramiko.transport: Secsh channel 0 opened.
DEB [20171119-13:52:15.123] thr=1   paramiko.transport: [chan 0] Sesch channel 0 request ok
DEB [20171119-13:52:15.127] thr=1   paramiko.transport: [chan 0] Sesch channel 0 request ok
DEB [20171119-13:52:27.476] thr=1   paramiko.transport: [chan 0] EOF received (0)
DEB [20171119-13:52:27.476] thr=1   paramiko.transport: [chan 0] EOF sent (0)
DEB [20171119-13:52:28.368] thr=1   paramiko.transport: EOF in transport thread
DEB [20171119-13:53:24.074] thr=3   paramiko.transport: starting thread (client mode): 0x350a6a0
DEB [20171119-13:53:24.075] thr=3   paramiko.transport: Local version/idstring: SSH-2.0-paramiko_2.2.1
DEB [20171119-13:53:24.080] thr=3   paramiko.transport: Remote version/idstring: SSH-2.0-OpenSSH_6.6.1
INF [20171119-13:53:24.080] thr=3   paramiko.transport: Connected (version 2.0, client OpenSSH_6.6.1)
DEB [20171119-13:53:24.081] thr=3   paramiko.transport: kex algos:['curve25519-sha256@libssh.org', 'ecdh-sha2-nistp256', 'ecdh-sha2-nistp384', 'ecdh-sha2-nistp521', 'diffie-hellman-group-exchange-sha256', 'diffie-hellman-group-exchange-sha1', 'diffie-hellman-group14-sha1', 'diffie-hellman-group1-sha1'] server key:['ssh-rsa', 'ecdsa-sha2-nistp256', 'ssh-ed25519'] client encrypt:['aes128-ctr', 'aes192-ctr', 'aes256-ctr', 'arcfour256', 'arcfour128', 'aes128-gcm@openssh.com', 'aes256-gcm@openssh.com', 'chacha20-poly1305@openssh.com', 'aes128-cbc', '3des-cbc', 'blowfish-cbc', 'cast128-cbc', 'aes192-cbc', 'aes256-cbc', 'arcfour', 'rijndael-cbc@lysator.liu.se'] server encrypt:['aes128-ctr', 'aes192-ctr', 'aes256-ctr', 'arcfour256', 'arcfour128', 'aes128-gcm@openssh.com', 'aes256-gcm@openssh.com', 'chacha20-poly1305@openssh.com', 'aes128-cbc', '3des-cbc', 'blowfish-cbc', 'cast128-cbc', 'aes192-cbc', 'aes256-cbc', 'arcfour', 'rijndael-cbc@lysator.liu.se'] client mac:['hmac-md5-etm@openssh.com', 'hmac-sha1-etm@openssh.com', 'umac-64-etm@openssh.com', 'umac-128-etm@openssh.com', 'hmac-sha2-256-etm@openssh.com', 'hmac-sha2-512-etm@openssh.com', 'hmac-ripemd160-etm@openssh.com', 'hmac-sha1-96-etm@openssh.com', 'hmac-md5-96-etm@openssh.com', 'hmac-md5', 'hmac-sha1', 'umac-64@openssh.com', 'umac-128@openssh.com', 'hmac-sha2-256', 'hmac-sha2-512', 'hmac-ripemd160', 'hmac-ripemd160@openssh.com', 'hmac-sha1-96', 'hmac-md5-96'] server mac:['hmac-md5-etm@openssh.com', 'hmac-sha1-etm@openssh.com', 'umac-64-etm@openssh.com', 'umac-128-etm@openssh.com', 'hmac-sha2-256-etm@openssh.com', 'hmac-sha2-512-etm@openssh.com', 'hmac-ripemd160-etm@openssh.com', 'hmac-sha1-96-etm@openssh.com', 'hmac-md5-96-etm@openssh.com', 'hmac-md5', 'hmac-sha1', 'umac-64@openssh.com', 'umac-128@openssh.com', 'hmac-sha2-256', 'hmac-sha2-512', 'hmac-ripemd160', 'hmac-ripemd160@openssh.com', 'hmac-sha1-96', 'hmac-md5-96'] client compress:['none', 'zlib@openssh.com'] server compress:['none', 'zlib@openssh.com'] client lang:[''] server lang:[''] kex follows?False
DEB [20171119-13:53:24.081] thr=3   paramiko.transport: Kex agreed: ecdh-sha2-nistp256
DEB [20171119-13:53:24.081] thr=3   paramiko.transport: HostKey agreed: ssh-ed25519
DEB [20171119-13:53:24.081] thr=3   paramiko.transport: Cipher agreed: aes128-ctr
DEB [20171119-13:53:24.082] thr=3   paramiko.transport: MAC agreed: hmac-sha2-256
DEB [20171119-13:53:24.082] thr=3   paramiko.transport: Compression agreed: none
DEB [20171119-13:53:24.085] thr=3   paramiko.transport: kex engine KexNistp256 specified hash_algo <built-in function openssl_sha256>
DEB [20171119-13:53:24.086] thr=3   paramiko.transport: Switch to new keys ...
DEB [20171119-13:53:24.125] thr=3   paramiko.transport: userauth is OK
INF [20171119-13:53:24.151] thr=3   paramiko.transport: Authentication (password) successful!
DEB [20171119-13:53:24.151] thr=2   paramiko.transport: [chan 0] Max packet in: 32768 bytes
DEB [20171119-13:53:24.159] thr=3   paramiko.transport: [chan 0] Max packet out: 32768 bytes
DEB [20171119-13:53:24.159] thr=3   paramiko.transport: Secsh channel 0 opened.
DEB [20171119-13:53:24.160] thr=3   paramiko.transport: [chan 0] Sesch channel 0 request ok
DEB [20171119-13:53:24.161] thr=3   paramiko.transport: [chan 0] Sesch channel 0 request ok
DEB [20171119-13:53:33.545] thr=3   paramiko.transport: [chan 0] EOF received (0)
DEB [20171119-13:53:33.545] thr=3   paramiko.transport: [chan 0] EOF sent (0)
DEB [20171119-13:53:34.178] thr=3   paramiko.transport: EOF in transport thread
DEB [20171119-14:04:58.871] thr=1   paramiko.transport: starting thread (client mode): 0x43f8320
DEB [20171119-14:04:58.872] thr=1   paramiko.transport: Local version/idstring: SSH-2.0-paramiko_2.2.1
DEB [20171119-14:04:58.877] thr=1   paramiko.transport: Remote version/idstring: SSH-2.0-OpenSSH_6.6.1
INF [20171119-14:04:58.877] thr=1   paramiko.transport: Connected (version 2.0, client OpenSSH_6.6.1)
DEB [20171119-14:04:58.878] thr=1   paramiko.transport: kex algos:['curve25519-sha256@libssh.org', 'ecdh-sha2-nistp256', 'ecdh-sha2-nistp384', 'ecdh-sha2-nistp521', 'diffie-hellman-group-exchange-sha256', 'diffie-hellman-group-exchange-sha1', 'diffie-hellman-group14-sha1', 'diffie-hellman-group1-sha1'] server key:['ssh-rsa', 'ecdsa-sha2-nistp256', 'ssh-ed25519'] client encrypt:['aes128-ctr', 'aes192-ctr', 'aes256-ctr', 'arcfour256', 'arcfour128', 'aes128-gcm@openssh.com', 'aes256-gcm@openssh.com', 'chacha20-poly1305@openssh.com', 'aes128-cbc', '3des-cbc', 'blowfish-cbc', 'cast128-cbc', 'aes192-cbc', 'aes256-cbc', 'arcfour', 'rijndael-cbc@lysator.liu.se'] server encrypt:['aes128-ctr', 'aes192-ctr', 'aes256-ctr', 'arcfour256', 'arcfour128', 'aes128-gcm@openssh.com', 'aes256-gcm@openssh.com', 'chacha20-poly1305@openssh.com', 'aes128-cbc', '3des-cbc', 'blowfish-cbc', 'cast128-cbc', 'aes192-cbc', 'aes256-cbc', 'arcfour', 'rijndael-cbc@lysator.liu.se'] client mac:['hmac-md5-etm@openssh.com', 'hmac-sha1-etm@openssh.com', 'umac-64-etm@openssh.com', 'umac-128-etm@openssh.com', 'hmac-sha2-256-etm@openssh.com', 'hmac-sha2-512-etm@openssh.com', 'hmac-ripemd160-etm@openssh.com', 'hmac-sha1-96-etm@openssh.com', 'hmac-md5-96-etm@openssh.com', 'hmac-md5', 'hmac-sha1', 'umac-64@openssh.com', 'umac-128@openssh.com', 'hmac-sha2-256', 'hmac-sha2-512', 'hmac-ripemd160', 'hmac-ripemd160@openssh.com', 'hmac-sha1-96', 'hmac-md5-96'] server mac:['hmac-md5-etm@openssh.com', 'hmac-sha1-etm@openssh.com', 'umac-64-etm@openssh.com', 'umac-128-etm@openssh.com', 'hmac-sha2-256-etm@openssh.com', 'hmac-sha2-512-etm@openssh.com', 'hmac-ripemd160-etm@openssh.com', 'hmac-sha1-96-etm@openssh.com', 'hmac-md5-96-etm@openssh.com', 'hmac-md5', 'hmac-sha1', 'umac-64@openssh.com', 'umac-128@openssh.com', 'hmac-sha2-256', 'hmac-sha2-512', 'hmac-ripemd160', 'hmac-ripemd160@openssh.com', 'hmac-sha1-96', 'hmac-md5-96'] client compress:['none', 'zlib@openssh.com'] server compress:['none', 'zlib@openssh.com'] client lang:[''] server lang:[''] kex follows?False
DEB [20171119-14:04:58.878] thr=1   paramiko.transport: Kex agreed: ecdh-sha2-nistp256
DEB [20171119-14:04:58.878] thr=1   paramiko.transport: HostKey agreed: ssh-ed25519
DEB [20171119-14:04:58.878] thr=1   paramiko.transport: Cipher agreed: aes128-ctr
DEB [20171119-14:04:58.878] thr=1   paramiko.transport: MAC agreed: hmac-sha2-256
DEB [20171119-14:04:58.878] thr=1   paramiko.transport: Compression agreed: none
DEB [20171119-14:04:58.936] thr=1   paramiko.transport: kex engine KexNistp256 specified hash_algo <built-in function openssl_sha256>
DEB [20171119-14:04:58.936] thr=1   paramiko.transport: Switch to new keys ...
DEB [20171119-14:04:58.977] thr=1   paramiko.transport: userauth is OK
INF [20171119-14:04:59.010] thr=1   paramiko.transport: Authentication (password) successful!
DEB [20171119-14:04:59.011] thr=2   paramiko.transport: [chan 0] Max packet in: 32768 bytes
DEB [20171119-14:04:59.019] thr=1   paramiko.transport: [chan 0] Max packet out: 32768 bytes
DEB [20171119-14:04:59.019] thr=1   paramiko.transport: Secsh channel 0 opened.
DEB [20171119-14:04:59.020] thr=1   paramiko.transport: [chan 0] Sesch channel 0 request ok
DEB [20171119-14:04:59.023] thr=1   paramiko.transport: [chan 0] Sesch channel 0 request ok
DEB [20171119-14:05:13.367] thr=1   paramiko.transport: [chan 0] EOF received (0)
DEB [20171119-14:05:13.367] thr=1   paramiko.transport: [chan 0] EOF sent (0)
DEB [20171119-14:05:15.087] thr=1   paramiko.transport: EOF in transport thread
DEB [20171119-14:05:25.989] thr=3   paramiko.transport: starting thread (client mode): 0x497b860
DEB [20171119-14:05:25.990] thr=3   paramiko.transport: Local version/idstring: SSH-2.0-paramiko_2.2.1
DEB [20171119-14:05:25.995] thr=3   paramiko.transport: Remote version/idstring: SSH-2.0-OpenSSH_6.6.1
INF [20171119-14:05:25.996] thr=3   paramiko.transport: Connected (version 2.0, client OpenSSH_6.6.1)
DEB [20171119-14:05:25.997] thr=3   paramiko.transport: kex algos:['curve25519-sha256@libssh.org', 'ecdh-sha2-nistp256', 'ecdh-sha2-nistp384', 'ecdh-sha2-nistp521', 'diffie-hellman-group-exchange-sha256', 'diffie-hellman-group-exchange-sha1', 'diffie-hellman-group14-sha1', 'diffie-hellman-group1-sha1'] server key:['ssh-rsa', 'ecdsa-sha2-nistp256', 'ssh-ed25519'] client encrypt:['aes128-ctr', 'aes192-ctr', 'aes256-ctr', 'arcfour256', 'arcfour128', 'aes128-gcm@openssh.com', 'aes256-gcm@openssh.com', 'chacha20-poly1305@openssh.com', 'aes128-cbc', '3des-cbc', 'blowfish-cbc', 'cast128-cbc', 'aes192-cbc', 'aes256-cbc', 'arcfour', 'rijndael-cbc@lysator.liu.se'] server encrypt:['aes128-ctr', 'aes192-ctr', 'aes256-ctr', 'arcfour256', 'arcfour128', 'aes128-gcm@openssh.com', 'aes256-gcm@openssh.com', 'chacha20-poly1305@openssh.com', 'aes128-cbc', '3des-cbc', 'blowfish-cbc', 'cast128-cbc', 'aes192-cbc', 'aes256-cbc', 'arcfour', 'rijndael-cbc@lysator.liu.se'] client mac:['hmac-md5-etm@openssh.com', 'hmac-sha1-etm@openssh.com', 'umac-64-etm@openssh.com', 'umac-128-etm@openssh.com', 'hmac-sha2-256-etm@openssh.com', 'hmac-sha2-512-etm@openssh.com', 'hmac-ripemd160-etm@openssh.com', 'hmac-sha1-96-etm@openssh.com', 'hmac-md5-96-etm@openssh.com', 'hmac-md5', 'hmac-sha1', 'umac-64@openssh.com', 'umac-128@openssh.com', 'hmac-sha2-256', 'hmac-sha2-512', 'hmac-ripemd160', 'hmac-ripemd160@openssh.com', 'hmac-sha1-96', 'hmac-md5-96'] server mac:['hmac-md5-etm@openssh.com', 'hmac-sha1-etm@openssh.com', 'umac-64-etm@openssh.com', 'umac-128-etm@openssh.com', 'hmac-sha2-256-etm@openssh.com', 'hmac-sha2-512-etm@openssh.com', 'hmac-ripemd160-etm@openssh.com', 'hmac-sha1-96-etm@openssh.com', 'hmac-md5-96-etm@openssh.com', 'hmac-md5', 'hmac-sha1', 'umac-64@openssh.com', 'umac-128@openssh.com', 'hmac-sha2-256', 'hmac-sha2-512', 'hmac-ripemd160', 'hmac-ripemd160@openssh.com', 'hmac-sha1-96', 'hmac-md5-96'] client compress:['none', 'zlib@openssh.com'] server compress:['none', 'zlib@openssh.com'] client lang:[''] server lang:[''] kex follows?False
DEB [20171119-14:05:25.997] thr=3   paramiko.transport: Kex agreed: ecdh-sha2-nistp256
DEB [20171119-14:05:25.997] thr=3   paramiko.transport: HostKey agreed: ssh-ed25519
DEB [20171119-14:05:25.997] thr=3   paramiko.transport: Cipher agreed: aes128-ctr
DEB [20171119-14:05:25.997] thr=3   paramiko.transport: MAC agreed: hmac-sha2-256
DEB [20171119-14:05:25.997] thr=3   paramiko.transport: Compression agreed: none
DEB [20171119-14:05:26.000] thr=3   paramiko.transport: kex engine KexNistp256 specified hash_algo <built-in function openssl_sha256>
DEB [20171119-14:05:26.001] thr=3   paramiko.transport: Switch to new keys ...
DEB [20171119-14:05:26.041] thr=3   paramiko.transport: userauth is OK
INF [20171119-14:05:26.060] thr=3   paramiko.transport: Authentication (password) successful!
DEB [20171119-14:05:26.061] thr=2   paramiko.transport: [chan 0] Max packet in: 32768 bytes
DEB [20171119-14:05:26.069] thr=3   paramiko.transport: [chan 0] Max packet out: 32768 bytes
DEB [20171119-14:05:26.069] thr=3   paramiko.transport: Secsh channel 0 opened.
DEB [20171119-14:05:26.070] thr=3   paramiko.transport: [chan 0] Sesch channel 0 request ok
DEB [20171119-14:05:26.074] thr=3   paramiko.transport: [chan 0] Sesch channel 0 request ok
DEB [20171119-14:05:36.438] thr=3   paramiko.transport: [chan 0] EOF received (0)
DEB [20171119-14:05:36.438] thr=3   paramiko.transport: [chan 0] EOF sent (0)
DEB [20171119-14:05:36.772] thr=3   paramiko.transport: EOF in transport thread
DEB [20171119-14:05:41.341] thr=4   paramiko.transport: starting thread (client mode): 0x497b208
DEB [20171119-14:05:41.342] thr=4   paramiko.transport: Local version/idstring: SSH-2.0-paramiko_2.2.1
DEB [20171119-14:05:41.347] thr=4   paramiko.transport: Remote version/idstring: SSH-2.0-OpenSSH_6.6.1
INF [20171119-14:05:41.348] thr=4   paramiko.transport: Connected (version 2.0, client OpenSSH_6.6.1)
DEB [20171119-14:05:41.348] thr=4   paramiko.transport: kex algos:['curve25519-sha256@libssh.org', 'ecdh-sha2-nistp256', 'ecdh-sha2-nistp384', 'ecdh-sha2-nistp521', 'diffie-hellman-group-exchange-sha256', 'diffie-hellman-group-exchange-sha1', 'diffie-hellman-group14-sha1', 'diffie-hellman-group1-sha1'] server key:['ssh-rsa', 'ecdsa-sha2-nistp256', 'ssh-ed25519'] client encrypt:['aes128-ctr', 'aes192-ctr', 'aes256-ctr', 'arcfour256', 'arcfour128', 'aes128-gcm@openssh.com', 'aes256-gcm@openssh.com', 'chacha20-poly1305@openssh.com', 'aes128-cbc', '3des-cbc', 'blowfish-cbc', 'cast128-cbc', 'aes192-cbc', 'aes256-cbc', 'arcfour', 'rijndael-cbc@lysator.liu.se'] server encrypt:['aes128-ctr', 'aes192-ctr', 'aes256-ctr', 'arcfour256', 'arcfour128', 'aes128-gcm@openssh.com', 'aes256-gcm@openssh.com', 'chacha20-poly1305@openssh.com', 'aes128-cbc', '3des-cbc', 'blowfish-cbc', 'cast128-cbc', 'aes192-cbc', 'aes256-cbc', 'arcfour', 'rijndael-cbc@lysator.liu.se'] client mac:['hmac-md5-etm@openssh.com', 'hmac-sha1-etm@openssh.com', 'umac-64-etm@openssh.com', 'umac-128-etm@openssh.com', 'hmac-sha2-256-etm@openssh.com', 'hmac-sha2-512-etm@openssh.com', 'hmac-ripemd160-etm@openssh.com', 'hmac-sha1-96-etm@openssh.com', 'hmac-md5-96-etm@openssh.com', 'hmac-md5', 'hmac-sha1', 'umac-64@openssh.com', 'umac-128@openssh.com', 'hmac-sha2-256', 'hmac-sha2-512', 'hmac-ripemd160', 'hmac-ripemd160@openssh.com', 'hmac-sha1-96', 'hmac-md5-96'] server mac:['hmac-md5-etm@openssh.com', 'hmac-sha1-etm@openssh.com', 'umac-64-etm@openssh.com', 'umac-128-etm@openssh.com', 'hmac-sha2-256-etm@openssh.com', 'hmac-sha2-512-etm@openssh.com', 'hmac-ripemd160-etm@openssh.com', 'hmac-sha1-96-etm@openssh.com', 'hmac-md5-96-etm@openssh.com', 'hmac-md5', 'hmac-sha1', 'umac-64@openssh.com', 'umac-128@openssh.com', 'hmac-sha2-256', 'hmac-sha2-512', 'hmac-ripemd160', 'hmac-ripemd160@openssh.com', 'hmac-sha1-96', 'hmac-md5-96'] client compress:['none', 'zlib@openssh.com'] server compress:['none', 'zlib@openssh.com'] client lang:[''] server lang:[''] kex follows?False
DEB [20171119-14:05:41.348] thr=4   paramiko.transport: Kex agreed: ecdh-sha2-nistp256
DEB [20171119-14:05:41.349] thr=4   paramiko.transport: HostKey agreed: ssh-ed25519
DEB [20171119-14:05:41.349] thr=4   paramiko.transport: Cipher agreed: aes128-ctr
DEB [20171119-14:05:41.349] thr=4   paramiko.transport: MAC agreed: hmac-sha2-256
DEB [20171119-14:05:41.349] thr=4   paramiko.transport: Compression agreed: none
DEB [20171119-14:05:41.352] thr=4   paramiko.transport: kex engine KexNistp256 specified hash_algo <built-in function openssl_sha256>
DEB [20171119-14:05:41.352] thr=4   paramiko.transport: Switch to new keys ...
DEB [20171119-14:05:41.393] thr=4   paramiko.transport: userauth is OK
INF [20171119-14:05:41.421] thr=4   paramiko.transport: Authentication (password) successful!
DEB [20171119-14:05:41.421] thr=2   paramiko.transport: [chan 0] Max packet in: 32768 bytes
DEB [20171119-14:05:41.426] thr=4   paramiko.transport: [chan 0] Max packet out: 32768 bytes
DEB [20171119-14:05:41.426] thr=4   paramiko.transport: Secsh channel 0 opened.
DEB [20171119-14:05:41.427] thr=4   paramiko.transport: [chan 0] Sesch channel 0 request ok
DEB [20171119-14:05:41.428] thr=4   paramiko.transport: [chan 0] Sesch channel 0 request ok
DEB [20171119-14:05:58.237] thr=4   paramiko.transport: [chan 0] EOF received (0)
DEB [20171119-14:05:58.237] thr=4   paramiko.transport: [chan 0] EOF sent (0)
DEB [20171119-14:06:02.828] thr=4   paramiko.transport: EOF in transport thread
